{"__type":"$$EventMessageAudit","id":"5ffe9e94-fa93-49af-8a7e-543dbe7322fc","ts":"2025-06-21T01:27:39.374+00:00","eventName":"n8n.audit.workflow.created","message":"n8n.audit.workflow.created","payload":{"userId":"b95d4e55-51df-440f-9c22-e05fac1830ae","_email":"gentildf@gmail.com","_firstName":"denis","_lastName":"gentil","globalRole":"global:owner","workflowId":"EUo2tcamuVR8NtqX","workflowName":"My workflow"}}
{"__type":"$$EventMessageConfirm","confirm":"5ffe9e94-fa93-49af-8a7e-543dbe7322fc","ts":"2025-06-21T01:27:39.428+00:00","source":{"id":"0","name":"eventBus"}}
{"__type":"$$EventMessageAudit","id":"207b279b-072f-4129-a030-550546f8ed4e","ts":"2025-06-20T22:28:22.127-03:00","eventName":"n8n.audit.workflow.updated","message":"n8n.audit.workflow.updated","payload":{"userId":"b95d4e55-51df-440f-9c22-e05fac1830ae","_email":"gentildf@gmail.com","_firstName":"denis","_lastName":"gentil","globalRole":"global:owner","workflowId":"EUo2tcamuVR8NtqX","workflowName":"My workflow"}}
{"__type":"$$EventMessageConfirm","confirm":"207b279b-072f-4129-a030-550546f8ed4e","ts":"2025-06-20T22:28:22.127-03:00","source":{"id":"0","name":"eventBus"}}
{"__type":"$$EventMessageAudit","id":"a5f76986-c5e7-4017-ba38-627c3b7a0376","ts":"2025-06-20T22:31:28.707-03:00","eventName":"n8n.audit.workflow.updated","message":"n8n.audit.workflow.updated","payload":{"userId":"b95d4e55-51df-440f-9c22-e05fac1830ae","_email":"gentildf@gmail.com","_firstName":"denis","_lastName":"gentil","globalRole":"global:owner","workflowId":"EUo2tcamuVR8NtqX","workflowName":"My workflow"}}
{"__type":"$$EventMessageConfirm","confirm":"a5f76986-c5e7-4017-ba38-627c3b7a0376","ts":"2025-06-20T22:31:28.707-03:00","source":{"id":"0","name":"eventBus"}}
{"__type":"$$EventMessageWorkflow","id":"29ff991b-6e42-4e60-b922-6bc87d5bf681","ts":"2025-06-20T22:31:39.611-03:00","eventName":"n8n.workflow.started","message":"n8n.workflow.started","payload":{"executionId":"1","workflowId":"EUo2tcamuVR8NtqX","isManual":false,"workflowName":"My workflow"}}
{"__type":"$$EventMessageConfirm","confirm":"29ff991b-6e42-4e60-b922-6bc87d5bf681","ts":"2025-06-20T22:31:39.611-03:00","source":{"id":"0","name":"eventBus"}}
{"__type":"$$EventMessageNode","id":"51d1ae53-cf64-4d99-b2f8-8e1aabf45844","ts":"2025-06-20T22:31:39.612-03:00","eventName":"n8n.node.started","message":"n8n.node.started","payload":{"workflowId":"EUo2tcamuVR8NtqX","workflowName":"My workflow","executionId":"1","nodeType":"n8n-nodes-base.webhook","nodeName":"Webhook"}}
{"__type":"$$EventMessageConfirm","confirm":"51d1ae53-cf64-4d99-b2f8-8e1aabf45844","ts":"2025-06-20T22:31:39.612-03:00","source":{"id":"0","name":"eventBus"}}
{"__type":"$$EventMessageNode","id":"8b75ead9-8332-4214-bb02-6546d72067f8","ts":"2025-06-20T22:31:39.613-03:00","eventName":"n8n.node.finished","message":"n8n.node.finished","payload":{"workflowId":"EUo2tcamuVR8NtqX","workflowName":"My workflow","executionId":"1","nodeType":"n8n-nodes-base.webhook","nodeName":"Webhook"}}
{"__type":"$$EventMessageConfirm","confirm":"8b75ead9-8332-4214-bb02-6546d72067f8","ts":"2025-06-20T22:31:39.613-03:00","source":{"id":"0","name":"eventBus"}}
{"__type":"$$EventMessageWorkflow","id":"2a9662c2-5a6a-4ced-8785-0e0466a9c0a2","ts":"2025-06-20T22:31:39.614-03:00","eventName":"n8n.workflow.failed","message":"n8n.workflow.failed","payload":{"executionId":"1","success":false,"isManual":false,"workflowId":"EUo2tcamuVR8NtqX","workflowName":"My workflow","lastNodeExecuted":"Webhook","errorNodeType":"n8n-nodes-base.webhook","errorMessage":"Webhook node not correctly configured"}}
{"__type":"$$EventMessageConfirm","confirm":"2a9662c2-5a6a-4ced-8785-0e0466a9c0a2","ts":"2025-06-20T22:31:39.614-03:00","source":{"id":"0","name":"eventBus"}}
{"__type":"$$EventMessageWorkflow","id":"624030b9-ad02-45f0-acca-74c8e4606601","ts":"2025-06-20T22:31:52.118-03:00","eventName":"n8n.workflow.started","message":"n8n.workflow.started","payload":{"executionId":"2","workflowId":"EUo2tcamuVR8NtqX","isManual":false,"workflowName":"My workflow"}}
{"__type":"$$EventMessageConfirm","confirm":"624030b9-ad02-45f0-acca-74c8e4606601","ts":"2025-06-20T22:31:52.118-03:00","source":{"id":"0","name":"eventBus"}}
{"__type":"$$EventMessageNode","id":"325e469e-bf11-4b72-b59d-24b30d4f9fa8","ts":"2025-06-20T22:31:52.118-03:00","eventName":"n8n.node.started","message":"n8n.node.started","payload":{"workflowId":"EUo2tcamuVR8NtqX","workflowName":"My workflow","executionId":"2","nodeType":"n8n-nodes-base.webhook","nodeName":"Webhook"}}
{"__type":"$$EventMessageConfirm","confirm":"325e469e-bf11-4b72-b59d-24b30d4f9fa8","ts":"2025-06-20T22:31:52.118-03:00","source":{"id":"0","name":"eventBus"}}
{"__type":"$$EventMessageNode","id":"d04d5d88-dff9-49df-97d3-ffd8554de0a4","ts":"2025-06-20T22:31:52.119-03:00","eventName":"n8n.node.finished","message":"n8n.node.finished","payload":{"workflowId":"EUo2tcamuVR8NtqX","workflowName":"My workflow","executionId":"2","nodeType":"n8n-nodes-base.webhook","nodeName":"Webhook"}}
{"__type":"$$EventMessageConfirm","confirm":"d04d5d88-dff9-49df-97d3-ffd8554de0a4","ts":"2025-06-20T22:31:52.119-03:00","source":{"id":"0","name":"eventBus"}}
{"__type":"$$EventMessageWorkflow","id":"3f5fc1b7-4da4-4fb8-863a-a00544a2ccfc","ts":"2025-06-20T22:31:52.119-03:00","eventName":"n8n.workflow.failed","message":"n8n.workflow.failed","payload":{"executionId":"2","success":false,"isManual":false,"workflowId":"EUo2tcamuVR8NtqX","workflowName":"My workflow","lastNodeExecuted":"Webhook","errorNodeType":"n8n-nodes-base.webhook","errorMessage":"Webhook node not correctly configured"}}
{"__type":"$$EventMessageConfirm","confirm":"3f5fc1b7-4da4-4fb8-863a-a00544a2ccfc","ts":"2025-06-20T22:31:52.119-03:00","source":{"id":"0","name":"eventBus"}}
{"__type":"$$EventMessageWorkflow","id":"abd1311e-5f92-4e96-9aa6-ab1ee46eceff","ts":"2025-06-20T22:31:53.405-03:00","eventName":"n8n.workflow.started","message":"n8n.workflow.started","payload":{"executionId":"3","workflowId":"EUo2tcamuVR8NtqX","isManual":false,"workflowName":"My workflow"}}
{"__type":"$$EventMessageConfirm","confirm":"abd1311e-5f92-4e96-9aa6-ab1ee46eceff","ts":"2025-06-20T22:31:53.405-03:00","source":{"id":"0","name":"eventBus"}}
{"__type":"$$EventMessageNode","id":"8d3cd45d-f481-4929-9fb9-643834a4bfaa","ts":"2025-06-20T22:31:53.405-03:00","eventName":"n8n.node.started","message":"n8n.node.started","payload":{"workflowId":"EUo2tcamuVR8NtqX","workflowName":"My workflow","executionId":"3","nodeType":"n8n-nodes-base.webhook","nodeName":"Webhook"}}
{"__type":"$$EventMessageConfirm","confirm":"8d3cd45d-f481-4929-9fb9-643834a4bfaa","ts":"2025-06-20T22:31:53.405-03:00","source":{"id":"0","name":"eventBus"}}
{"__type":"$$EventMessageNode","id":"06d0ae1d-eefd-45ea-bb69-810e24c5a8a9","ts":"2025-06-20T22:31:53.405-03:00","eventName":"n8n.node.finished","message":"n8n.node.finished","payload":{"workflowId":"EUo2tcamuVR8NtqX","workflowName":"My workflow","executionId":"3","nodeType":"n8n-nodes-base.webhook","nodeName":"Webhook"}}
{"__type":"$$EventMessageConfirm","confirm":"06d0ae1d-eefd-45ea-bb69-810e24c5a8a9","ts":"2025-06-20T22:31:53.405-03:00","source":{"id":"0","name":"eventBus"}}
{"__type":"$$EventMessageWorkflow","id":"a7a057a4-1759-4e64-b48e-7f119bb7885d","ts":"2025-06-20T22:31:53.405-03:00","eventName":"n8n.workflow.failed","message":"n8n.workflow.failed","payload":{"executionId":"3","success":false,"isManual":false,"workflowId":"EUo2tcamuVR8NtqX","workflowName":"My workflow","lastNodeExecuted":"Webhook","errorNodeType":"n8n-nodes-base.webhook","errorMessage":"Webhook node not correctly configured"}}
{"__type":"$$EventMessageConfirm","confirm":"a7a057a4-1759-4e64-b48e-7f119bb7885d","ts":"2025-06-20T22:31:53.405-03:00","source":{"id":"0","name":"eventBus"}}
{"__type":"$$EventMessageWorkflow","id":"c5f3763b-aa11-46b8-a299-562f6fadf3df","ts":"2025-06-20T22:31:53.938-03:00","eventName":"n8n.workflow.started","message":"n8n.workflow.started","payload":{"executionId":"4","workflowId":"EUo2tcamuVR8NtqX","isManual":false,"workflowName":"My workflow"}}
{"__type":"$$EventMessageConfirm","confirm":"c5f3763b-aa11-46b8-a299-562f6fadf3df","ts":"2025-06-20T22:31:53.938-03:00","source":{"id":"0","name":"eventBus"}}
{"__type":"$$EventMessageNode","id":"73620c73-f1b1-484e-9e08-a161aacc9785","ts":"2025-06-20T22:31:53.938-03:00","eventName":"n8n.node.started","message":"n8n.node.started","payload":{"workflowId":"EUo2tcamuVR8NtqX","workflowName":"My workflow","executionId":"4","nodeType":"n8n-nodes-base.webhook","nodeName":"Webhook"}}
{"__type":"$$EventMessageConfirm","confirm":"73620c73-f1b1-484e-9e08-a161aacc9785","ts":"2025-06-20T22:31:53.939-03:00","source":{"id":"0","name":"eventBus"}}
{"__type":"$$EventMessageNode","id":"a4c2a12c-1c3c-4354-a3f3-6e2b7f86b3bb","ts":"2025-06-20T22:31:53.939-03:00","eventName":"n8n.node.finished","message":"n8n.node.finished","payload":{"workflowId":"EUo2tcamuVR8NtqX","workflowName":"My workflow","executionId":"4","nodeType":"n8n-nodes-base.webhook","nodeName":"Webhook"}}
{"__type":"$$EventMessageConfirm","confirm":"a4c2a12c-1c3c-4354-a3f3-6e2b7f86b3bb","ts":"2025-06-20T22:31:53.939-03:00","source":{"id":"0","name":"eventBus"}}
{"__type":"$$EventMessageWorkflow","id":"88c02916-4824-4ba0-af06-ac290270d74c","ts":"2025-06-20T22:31:53.939-03:00","eventName":"n8n.workflow.failed","message":"n8n.workflow.failed","payload":{"executionId":"4","success":false,"isManual":false,"workflowId":"EUo2tcamuVR8NtqX","workflowName":"My workflow","lastNodeExecuted":"Webhook","errorNodeType":"n8n-nodes-base.webhook","errorMessage":"Webhook node not correctly configured"}}
{"__type":"$$EventMessageConfirm","confirm":"88c02916-4824-4ba0-af06-ac290270d74c","ts":"2025-06-20T22:31:53.939-03:00","source":{"id":"0","name":"eventBus"}}
{"__type":"$$EventMessageWorkflow","id":"95493990-4272-4bb9-a6c8-ae1a86bf5405","ts":"2025-06-20T22:31:54.163-03:00","eventName":"n8n.workflow.started","message":"n8n.workflow.started","payload":{"executionId":"5","workflowId":"EUo2tcamuVR8NtqX","isManual":false,"workflowName":"My workflow"}}
{"__type":"$$EventMessageConfirm","confirm":"95493990-4272-4bb9-a6c8-ae1a86bf5405","ts":"2025-06-20T22:31:54.163-03:00","source":{"id":"0","name":"eventBus"}}
{"__type":"$$EventMessageNode","id":"1429534f-9021-4602-b0ec-eab73726c47a","ts":"2025-06-20T22:31:54.164-03:00","eventName":"n8n.node.started","message":"n8n.node.started","payload":{"workflowId":"EUo2tcamuVR8NtqX","workflowName":"My workflow","executionId":"5","nodeType":"n8n-nodes-base.webhook","nodeName":"Webhook"}}
{"__type":"$$EventMessageConfirm","confirm":"1429534f-9021-4602-b0ec-eab73726c47a","ts":"2025-06-20T22:31:54.164-03:00","source":{"id":"0","name":"eventBus"}}
{"__type":"$$EventMessageNode","id":"27c5b95c-fc86-4105-804a-9d271d5c9b2d","ts":"2025-06-20T22:31:54.164-03:00","eventName":"n8n.node.finished","message":"n8n.node.finished","payload":{"workflowId":"EUo2tcamuVR8NtqX","workflowName":"My workflow","executionId":"5","nodeType":"n8n-nodes-base.webhook","nodeName":"Webhook"}}
{"__type":"$$EventMessageConfirm","confirm":"27c5b95c-fc86-4105-804a-9d271d5c9b2d","ts":"2025-06-20T22:31:54.164-03:00","source":{"id":"0","name":"eventBus"}}
{"__type":"$$EventMessageWorkflow","id":"f46bd41f-b3ce-4c78-88a8-a80234fd96a7","ts":"2025-06-20T22:31:54.164-03:00","eventName":"n8n.workflow.failed","message":"n8n.workflow.failed","payload":{"executionId":"5","success":false,"isManual":false,"workflowId":"EUo2tcamuVR8NtqX","workflowName":"My workflow","lastNodeExecuted":"Webhook","errorNodeType":"n8n-nodes-base.webhook","errorMessage":"Webhook node not correctly configured"}}
{"__type":"$$EventMessageConfirm","confirm":"f46bd41f-b3ce-4c78-88a8-a80234fd96a7","ts":"2025-06-20T22:31:54.164-03:00","source":{"id":"0","name":"eventBus"}}
{"__type":"$$EventMessageWorkflow","id":"c28a8718-ddc4-4f3f-965a-56b9776e3915","ts":"2025-06-20T22:31:54.385-03:00","eventName":"n8n.workflow.started","message":"n8n.workflow.started","payload":{"executionId":"6","workflowId":"EUo2tcamuVR8NtqX","isManual":false,"workflowName":"My workflow"}}
{"__type":"$$EventMessageConfirm","confirm":"c28a8718-ddc4-4f3f-965a-56b9776e3915","ts":"2025-06-20T22:31:54.385-03:00","source":{"id":"0","name":"eventBus"}}
{"__type":"$$EventMessageNode","id":"f13ea09c-f060-4029-8251-668558337f87","ts":"2025-06-20T22:31:54.385-03:00","eventName":"n8n.node.started","message":"n8n.node.started","payload":{"workflowId":"EUo2tcamuVR8NtqX","workflowName":"My workflow","executionId":"6","nodeType":"n8n-nodes-base.webhook","nodeName":"Webhook"}}
{"__type":"$$EventMessageConfirm","confirm":"f13ea09c-f060-4029-8251-668558337f87","ts":"2025-06-20T22:31:54.385-03:00","source":{"id":"0","name":"eventBus"}}
{"__type":"$$EventMessageNode","id":"7c04b6d5-1381-45aa-9dab-d1914dbe95c5","ts":"2025-06-20T22:31:54.385-03:00","eventName":"n8n.node.finished","message":"n8n.node.finished","payload":{"workflowId":"EUo2tcamuVR8NtqX","workflowName":"My workflow","executionId":"6","nodeType":"n8n-nodes-base.webhook","nodeName":"Webhook"}}
{"__type":"$$EventMessageConfirm","confirm":"7c04b6d5-1381-45aa-9dab-d1914dbe95c5","ts":"2025-06-20T22:31:54.385-03:00","source":{"id":"0","name":"eventBus"}}
{"__type":"$$EventMessageWorkflow","id":"cedc49d9-2843-4999-abb0-78f1f911f357","ts":"2025-06-20T22:31:54.386-03:00","eventName":"n8n.workflow.failed","message":"n8n.workflow.failed","payload":{"executionId":"6","success":false,"isManual":false,"workflowId":"EUo2tcamuVR8NtqX","workflowName":"My workflow","lastNodeExecuted":"Webhook","errorNodeType":"n8n-nodes-base.webhook","errorMessage":"Webhook node not correctly configured"}}
{"__type":"$$EventMessageConfirm","confirm":"cedc49d9-2843-4999-abb0-78f1f911f357","ts":"2025-06-20T22:31:54.386-03:00","source":{"id":"0","name":"eventBus"}}
{"__type":"$$EventMessageWorkflow","id":"507fb61b-571e-4cc6-8313-25157f3ed32c","ts":"2025-06-20T22:31:54.850-03:00","eventName":"n8n.workflow.started","message":"n8n.workflow.started","payload":{"executionId":"7","workflowId":"EUo2tcamuVR8NtqX","isManual":false,"workflowName":"My workflow"}}
{"__type":"$$EventMessageConfirm","confirm":"507fb61b-571e-4cc6-8313-25157f3ed32c","ts":"2025-06-20T22:31:54.850-03:00","source":{"id":"0","name":"eventBus"}}
{"__type":"$$EventMessageNode","id":"bc36a442-6d37-47e3-bd9a-e682cd5f2003","ts":"2025-06-20T22:31:54.850-03:00","eventName":"n8n.node.started","message":"n8n.node.started","payload":{"workflowId":"EUo2tcamuVR8NtqX","workflowName":"My workflow","executionId":"7","nodeType":"n8n-nodes-base.webhook","nodeName":"Webhook"}}
{"__type":"$$EventMessageConfirm","confirm":"bc36a442-6d37-47e3-bd9a-e682cd5f2003","ts":"2025-06-20T22:31:54.850-03:00","source":{"id":"0","name":"eventBus"}}
{"__type":"$$EventMessageNode","id":"23c0790e-5e98-41ba-a459-f5fb5c05b3a5","ts":"2025-06-20T22:31:54.851-03:00","eventName":"n8n.node.finished","message":"n8n.node.finished","payload":{"workflowId":"EUo2tcamuVR8NtqX","workflowName":"My workflow","executionId":"7","nodeType":"n8n-nodes-base.webhook","nodeName":"Webhook"}}
{"__type":"$$EventMessageConfirm","confirm":"23c0790e-5e98-41ba-a459-f5fb5c05b3a5","ts":"2025-06-20T22:31:54.851-03:00","source":{"id":"0","name":"eventBus"}}
{"__type":"$$EventMessageWorkflow","id":"8f10d40f-31aa-4f41-96b9-0c19c8b7047d","ts":"2025-06-20T22:31:54.851-03:00","eventName":"n8n.workflow.failed","message":"n8n.workflow.failed","payload":{"executionId":"7","success":false,"isManual":false,"workflowId":"EUo2tcamuVR8NtqX","workflowName":"My workflow","lastNodeExecuted":"Webhook","errorNodeType":"n8n-nodes-base.webhook","errorMessage":"Webhook node not correctly configured"}}
{"__type":"$$EventMessageConfirm","confirm":"8f10d40f-31aa-4f41-96b9-0c19c8b7047d","ts":"2025-06-20T22:31:54.851-03:00","source":{"id":"0","name":"eventBus"}}
{"__type":"$$EventMessageWorkflow","id":"9e6f1128-741e-4bf6-bfab-100e7ec94835","ts":"2025-06-20T22:31:55.038-03:00","eventName":"n8n.workflow.started","message":"n8n.workflow.started","payload":{"executionId":"8","workflowId":"EUo2tcamuVR8NtqX","isManual":false,"workflowName":"My workflow"}}
{"__type":"$$EventMessageConfirm","confirm":"9e6f1128-741e-4bf6-bfab-100e7ec94835","ts":"2025-06-20T22:31:55.038-03:00","source":{"id":"0","name":"eventBus"}}
{"__type":"$$EventMessageNode","id":"844e9a8e-8356-45ec-89de-b0812dd06dbd","ts":"2025-06-20T22:31:55.039-03:00","eventName":"n8n.node.started","message":"n8n.node.started","payload":{"workflowId":"EUo2tcamuVR8NtqX","workflowName":"My workflow","executionId":"8","nodeType":"n8n-nodes-base.webhook","nodeName":"Webhook"}}
{"__type":"$$EventMessageConfirm","confirm":"844e9a8e-8356-45ec-89de-b0812dd06dbd","ts":"2025-06-20T22:31:55.039-03:00","source":{"id":"0","name":"eventBus"}}
{"__type":"$$EventMessageNode","id":"5847957a-4d92-4271-ad7b-b2fa89ff2ab9","ts":"2025-06-20T22:31:55.039-03:00","eventName":"n8n.node.finished","message":"n8n.node.finished","payload":{"workflowId":"EUo2tcamuVR8NtqX","workflowName":"My workflow","executionId":"8","nodeType":"n8n-nodes-base.webhook","nodeName":"Webhook"}}
{"__type":"$$EventMessageConfirm","confirm":"5847957a-4d92-4271-ad7b-b2fa89ff2ab9","ts":"2025-06-20T22:31:55.039-03:00","source":{"id":"0","name":"eventBus"}}
{"__type":"$$EventMessageWorkflow","id":"cf4aac32-6e85-49c8-acb1-96667def450c","ts":"2025-06-20T22:31:55.039-03:00","eventName":"n8n.workflow.failed","message":"n8n.workflow.failed","payload":{"executionId":"8","success":false,"isManual":false,"workflowId":"EUo2tcamuVR8NtqX","workflowName":"My workflow","lastNodeExecuted":"Webhook","errorNodeType":"n8n-nodes-base.webhook","errorMessage":"Webhook node not correctly configured"}}
{"__type":"$$EventMessageConfirm","confirm":"cf4aac32-6e85-49c8-acb1-96667def450c","ts":"2025-06-20T22:31:55.039-03:00","source":{"id":"0","name":"eventBus"}}
{"__type":"$$EventMessageWorkflow","id":"de6aa190-ba19-4f9a-8937-e6a3e59b3738","ts":"2025-06-20T22:32:02.674-03:00","eventName":"n8n.workflow.started","message":"n8n.workflow.started","payload":{"executionId":"9","workflowId":"EUo2tcamuVR8NtqX","isManual":false,"workflowName":"My workflow"}}
{"__type":"$$EventMessageConfirm","confirm":"de6aa190-ba19-4f9a-8937-e6a3e59b3738","ts":"2025-06-20T22:32:02.674-03:00","source":{"id":"0","name":"eventBus"}}
{"__type":"$$EventMessageNode","id":"242ddf9e-53a0-4614-b1aa-6efa051d37b2","ts":"2025-06-20T22:32:02.674-03:00","eventName":"n8n.node.started","message":"n8n.node.started","payload":{"workflowId":"EUo2tcamuVR8NtqX","workflowName":"My workflow","executionId":"9","nodeType":"n8n-nodes-base.webhook","nodeName":"Webhook"}}
{"__type":"$$EventMessageConfirm","confirm":"242ddf9e-53a0-4614-b1aa-6efa051d37b2","ts":"2025-06-20T22:32:02.674-03:00","source":{"id":"0","name":"eventBus"}}
{"__type":"$$EventMessageNode","id":"db488f7e-d1db-44f6-aefd-c3044b0b3391","ts":"2025-06-20T22:32:02.675-03:00","eventName":"n8n.node.finished","message":"n8n.node.finished","payload":{"workflowId":"EUo2tcamuVR8NtqX","workflowName":"My workflow","executionId":"9","nodeType":"n8n-nodes-base.webhook","nodeName":"Webhook"}}
{"__type":"$$EventMessageConfirm","confirm":"db488f7e-d1db-44f6-aefd-c3044b0b3391","ts":"2025-06-20T22:32:02.675-03:00","source":{"id":"0","name":"eventBus"}}
{"__type":"$$EventMessageWorkflow","id":"64c44c60-c417-4543-bcff-d49342281c1e","ts":"2025-06-20T22:32:02.675-03:00","eventName":"n8n.workflow.failed","message":"n8n.workflow.failed","payload":{"executionId":"9","success":false,"isManual":false,"workflowId":"EUo2tcamuVR8NtqX","workflowName":"My workflow","lastNodeExecuted":"Webhook","errorNodeType":"n8n-nodes-base.webhook","errorMessage":"Webhook node not correctly configured"}}
{"__type":"$$EventMessageConfirm","confirm":"64c44c60-c417-4543-bcff-d49342281c1e","ts":"2025-06-20T22:32:02.675-03:00","source":{"id":"0","name":"eventBus"}}
{"__type":"$$EventMessageWorkflow","id":"b1bc856c-8323-41bb-9e00-a52cbc92e460","ts":"2025-06-20T22:32:20.627-03:00","eventName":"n8n.workflow.started","message":"n8n.workflow.started","payload":{"executionId":"10","workflowId":"EUo2tcamuVR8NtqX","isManual":false,"workflowName":"My workflow"}}
{"__type":"$$EventMessageConfirm","confirm":"b1bc856c-8323-41bb-9e00-a52cbc92e460","ts":"2025-06-20T22:32:20.628-03:00","source":{"id":"0","name":"eventBus"}}
{"__type":"$$EventMessageNode","id":"111d6ca5-6d8e-415e-9fb7-dc0be8b22d53","ts":"2025-06-20T22:32:20.630-03:00","eventName":"n8n.node.started","message":"n8n.node.started","payload":{"workflowId":"EUo2tcamuVR8NtqX","workflowName":"My workflow","executionId":"10","nodeType":"n8n-nodes-base.webhook","nodeName":"Webhook"}}
{"__type":"$$EventMessageConfirm","confirm":"111d6ca5-6d8e-415e-9fb7-dc0be8b22d53","ts":"2025-06-20T22:32:20.630-03:00","source":{"id":"0","name":"eventBus"}}
{"__type":"$$EventMessageNode","id":"636ff842-029c-4143-9114-85637c819034","ts":"2025-06-20T22:32:20.632-03:00","eventName":"n8n.node.finished","message":"n8n.node.finished","payload":{"workflowId":"EUo2tcamuVR8NtqX","workflowName":"My workflow","executionId":"10","nodeType":"n8n-nodes-base.webhook","nodeName":"Webhook"}}
{"__type":"$$EventMessageConfirm","confirm":"636ff842-029c-4143-9114-85637c819034","ts":"2025-06-20T22:32:20.632-03:00","source":{"id":"0","name":"eventBus"}}
{"__type":"$$EventMessageWorkflow","id":"da0f2034-7c28-4601-8753-6a05ad49727e","ts":"2025-06-20T22:32:20.636-03:00","eventName":"n8n.workflow.failed","message":"n8n.workflow.failed","payload":{"executionId":"10","success":false,"isManual":true,"workflowId":"EUo2tcamuVR8NtqX","workflowName":"My workflow","lastNodeExecuted":"Webhook","errorNodeType":"n8n-nodes-base.webhook","errorMessage":"Webhook node not correctly configured"}}
{"__type":"$$EventMessageConfirm","confirm":"da0f2034-7c28-4601-8753-6a05ad49727e","ts":"2025-06-20T22:32:20.637-03:00","source":{"id":"0","name":"eventBus"}}
{"__type":"$$EventMessageAudit","id":"f8912894-9138-4f03-9a0e-70aa9b51e705","ts":"2025-06-20T22:32:47.407-03:00","eventName":"n8n.audit.workflow.updated","message":"n8n.audit.workflow.updated","payload":{"userId":"b95d4e55-51df-440f-9c22-e05fac1830ae","_email":"gentildf@gmail.com","_firstName":"denis","_lastName":"gentil","globalRole":"global:owner","workflowId":"EUo2tcamuVR8NtqX","workflowName":"My workflow"}}
{"__type":"$$EventMessageConfirm","confirm":"f8912894-9138-4f03-9a0e-70aa9b51e705","ts":"2025-06-20T22:32:47.407-03:00","source":{"id":"0","name":"eventBus"}}
{"__type":"$$EventMessageWorkflow","id":"b31cfac4-95f3-4d55-a0f7-309cb74d59d1","ts":"2025-06-20T22:32:55.841-03:00","eventName":"n8n.workflow.started","message":"n8n.workflow.started","payload":{"executionId":"11","workflowId":"EUo2tcamuVR8NtqX","isManual":false,"workflowName":"My workflow"}}
{"__type":"$$EventMessageConfirm","confirm":"b31cfac4-95f3-4d55-a0f7-309cb74d59d1","ts":"2025-06-20T22:32:55.842-03:00","source":{"id":"0","name":"eventBus"}}
{"__type":"$$EventMessageNode","id":"17deb767-497c-41f9-ae2c-5846779a50ed","ts":"2025-06-20T22:32:55.842-03:00","eventName":"n8n.node.started","message":"n8n.node.started","payload":{"workflowId":"EUo2tcamuVR8NtqX","workflowName":"My workflow","executionId":"11","nodeType":"n8n-nodes-base.webhook","nodeName":"Webhook"}}
{"__type":"$$EventMessageConfirm","confirm":"17deb767-497c-41f9-ae2c-5846779a50ed","ts":"2025-06-20T22:32:55.842-03:00","source":{"id":"0","name":"eventBus"}}
{"__type":"$$EventMessageNode","id":"42bb1dde-a5cc-45b8-aaf2-22dde46cb870","ts":"2025-06-20T22:32:55.843-03:00","eventName":"n8n.node.finished","message":"n8n.node.finished","payload":{"workflowId":"EUo2tcamuVR8NtqX","workflowName":"My workflow","executionId":"11","nodeType":"n8n-nodes-base.webhook","nodeName":"Webhook"}}
{"__type":"$$EventMessageConfirm","confirm":"42bb1dde-a5cc-45b8-aaf2-22dde46cb870","ts":"2025-06-20T22:32:55.843-03:00","source":{"id":"0","name":"eventBus"}}
{"__type":"$$EventMessageNode","id":"004d149b-375e-4cd7-9892-0b4b96b4e845","ts":"2025-06-20T22:32:55.844-03:00","eventName":"n8n.node.started","message":"n8n.node.started","payload":{"workflowId":"EUo2tcamuVR8NtqX","workflowName":"My workflow","executionId":"11","nodeType":"n8n-nodes-base.respondToWebhook","nodeName":"Respond to Webhook"}}
{"__type":"$$EventMessageConfirm","confirm":"004d149b-375e-4cd7-9892-0b4b96b4e845","ts":"2025-06-20T22:32:55.844-03:00","source":{"id":"0","name":"eventBus"}}
{"__type":"$$EventMessageNode","id":"433d1459-5888-4ce7-9de2-e68900caa46f","ts":"2025-06-20T22:32:55.847-03:00","eventName":"n8n.node.finished","message":"n8n.node.finished","payload":{"workflowId":"EUo2tcamuVR8NtqX","workflowName":"My workflow","executionId":"11","nodeType":"n8n-nodes-base.respondToWebhook","nodeName":"Respond to Webhook"}}
{"__type":"$$EventMessageConfirm","confirm":"433d1459-5888-4ce7-9de2-e68900caa46f","ts":"2025-06-20T22:32:55.847-03:00","source":{"id":"0","name":"eventBus"}}
{"__type":"$$EventMessageWorkflow","id":"ee466d95-bc7f-4262-8e4c-7e8d7890155a","ts":"2025-06-20T22:32:55.848-03:00","eventName":"n8n.workflow.success","message":"n8n.workflow.success","payload":{"executionId":"11","success":true,"isManual":true,"workflowId":"EUo2tcamuVR8NtqX","workflowName":"My workflow"}}
{"__type":"$$EventMessageConfirm","confirm":"ee466d95-bc7f-4262-8e4c-7e8d7890155a","ts":"2025-06-20T22:32:55.848-03:00","source":{"id":"0","name":"eventBus"}}
{"__type":"$$EventMessageAudit","id":"0809dd1f-2b98-4661-a36f-d2949293110d","ts":"2025-06-20T22:37:24.938-03:00","eventName":"n8n.audit.workflow.updated","message":"n8n.audit.workflow.updated","payload":{"userId":"b95d4e55-51df-440f-9c22-e05fac1830ae","_email":"gentildf@gmail.com","_firstName":"denis","_lastName":"gentil","globalRole":"global:owner","workflowId":"EUo2tcamuVR8NtqX","workflowName":"webhook"}}
{"__type":"$$EventMessageConfirm","confirm":"0809dd1f-2b98-4661-a36f-d2949293110d","ts":"2025-06-20T22:37:24.938-03:00","source":{"id":"0","name":"eventBus"}}
{"__type":"$$EventMessageAudit","id":"21ed3f54-914e-4a5e-83c0-217f841f6ed5","ts":"2025-06-20T22:49:29.023-03:00","eventName":"n8n.audit.workflow.updated","message":"n8n.audit.workflow.updated","payload":{"userId":"b95d4e55-51df-440f-9c22-e05fac1830ae","_email":"gentildf@gmail.com","_firstName":"denis","_lastName":"gentil","globalRole":"global:owner","workflowId":"EUo2tcamuVR8NtqX","workflowName":"webhook"}}
{"__type":"$$EventMessageConfirm","confirm":"21ed3f54-914e-4a5e-83c0-217f841f6ed5","ts":"2025-06-20T22:49:29.024-03:00","source":{"id":"0","name":"eventBus"}}
{"__type":"$$EventMessageAudit","id":"50f9fb50-30c9-48ee-9668-53813a171df1","ts":"2025-06-20T22:50:15.486-03:00","eventName":"n8n.audit.workflow.updated","message":"n8n.audit.workflow.updated","payload":{"userId":"b95d4e55-51df-440f-9c22-e05fac1830ae","_email":"gentildf@gmail.com","_firstName":"denis","_lastName":"gentil","globalRole":"global:owner","workflowId":"EUo2tcamuVR8NtqX","workflowName":"tarefa-1-webhook"}}
{"__type":"$$EventMessageConfirm","confirm":"50f9fb50-30c9-48ee-9668-53813a171df1","ts":"2025-06-20T22:50:15.486-03:00","source":{"id":"0","name":"eventBus"}}
{"__type":"$$EventMessageAudit","id":"93c038aa-736b-43a1-8260-b4088eaf5f67","ts":"2025-06-20T22:50:18.904-03:00","eventName":"n8n.audit.workflow.updated","message":"n8n.audit.workflow.updated","payload":{"userId":"b95d4e55-51df-440f-9c22-e05fac1830ae","_email":"gentildf@gmail.com","_firstName":"denis","_lastName":"gentil","globalRole":"global:owner","workflowId":"EUo2tcamuVR8NtqX","workflowName":"tarefa-1-webhook"}}
{"__type":"$$EventMessageConfirm","confirm":"93c038aa-736b-43a1-8260-b4088eaf5f67","ts":"2025-06-20T22:50:18.904-03:00","source":{"id":"0","name":"eventBus"}}
{"__type":"$$EventMessageAudit","id":"58255ffe-e548-4b7f-a40c-1b96f6029ab3","ts":"2025-06-20T22:50:43.812-03:00","eventName":"n8n.audit.workflow.created","message":"n8n.audit.workflow.created","payload":{"userId":"b95d4e55-51df-440f-9c22-e05fac1830ae","_email":"gentildf@gmail.com","_firstName":"denis","_lastName":"gentil","globalRole":"global:owner","workflowId":"5NWe88ikispSv0m6","workflowName":"tarefa-2-cron-envio"}}
{"__type":"$$EventMessageConfirm","confirm":"58255ffe-e548-4b7f-a40c-1b96f6029ab3","ts":"2025-06-20T22:50:43.812-03:00","source":{"id":"0","name":"eventBus"}}
{"__type":"$$EventMessageAudit","id":"48958aec-9976-40bb-8b0e-3232d184d245","ts":"2025-06-20T22:53:44.481-03:00","eventName":"n8n.audit.user.credentials.created","message":"n8n.audit.user.credentials.created","payload":{"userId":"b95d4e55-51df-440f-9c22-e05fac1830ae","_email":"gentildf@gmail.com","_firstName":"denis","_lastName":"gentil","globalRole":"global:owner","credentialType":"discordWebhookApi","credentialId":"o8Tpfp6omBrQt0Nt","publicApi":false,"projectId":"poClsnXJ7GyjRVMP","projectType":"personal"}}
{"__type":"$$EventMessageConfirm","confirm":"48958aec-9976-40bb-8b0e-3232d184d245","ts":"2025-06-20T22:53:44.482-03:00","source":{"id":"0","name":"eventBus"}}
{"__type":"$$EventMessageAudit","id":"c2480570-40c5-427b-8e8b-09e0db7a9524","ts":"2025-06-20T22:54:21.531-03:00","eventName":"n8n.audit.workflow.updated","message":"n8n.audit.workflow.updated","payload":{"userId":"b95d4e55-51df-440f-9c22-e05fac1830ae","_email":"gentildf@gmail.com","_firstName":"denis","_lastName":"gentil","globalRole":"global:owner","workflowId":"5NWe88ikispSv0m6","workflowName":"tarefa-2-cron-envio"}}
{"__type":"$$EventMessageConfirm","confirm":"c2480570-40c5-427b-8e8b-09e0db7a9524","ts":"2025-06-20T22:54:21.532-03:00","source":{"id":"0","name":"eventBus"}}
{"__type":"$$EventMessageWorkflow","id":"1db65d72-4856-4fb6-873c-b20fab949f80","ts":"2025-06-20T22:54:25.952-03:00","eventName":"n8n.workflow.started","message":"n8n.workflow.started","payload":{"executionId":"12","workflowId":"5NWe88ikispSv0m6","isManual":false,"workflowName":"tarefa-2-cron-envio"}}
{"__type":"$$EventMessageConfirm","confirm":"1db65d72-4856-4fb6-873c-b20fab949f80","ts":"2025-06-20T22:54:25.952-03:00","source":{"id":"0","name":"eventBus"}}
{"__type":"$$EventMessageNode","id":"1c85c676-6ddc-4c75-a636-b1e6dbd9bb7f","ts":"2025-06-20T22:54:25.953-03:00","eventName":"n8n.node.started","message":"n8n.node.started","payload":{"workflowId":"5NWe88ikispSv0m6","workflowName":"tarefa-2-cron-envio","executionId":"12","nodeType":"n8n-nodes-base.scheduleTrigger","nodeName":"Schedule Trigger"}}
{"__type":"$$EventMessageConfirm","confirm":"1c85c676-6ddc-4c75-a636-b1e6dbd9bb7f","ts":"2025-06-20T22:54:25.953-03:00","source":{"id":"0","name":"eventBus"}}
{"__type":"$$EventMessageNode","id":"7f694cce-acb5-44ef-bc92-99103518ea47","ts":"2025-06-20T22:54:25.961-03:00","eventName":"n8n.node.finished","message":"n8n.node.finished","payload":{"workflowId":"5NWe88ikispSv0m6","workflowName":"tarefa-2-cron-envio","executionId":"12","nodeType":"n8n-nodes-base.scheduleTrigger","nodeName":"Schedule Trigger"}}
{"__type":"$$EventMessageConfirm","confirm":"7f694cce-acb5-44ef-bc92-99103518ea47","ts":"2025-06-20T22:54:25.961-03:00","source":{"id":"0","name":"eventBus"}}
{"__type":"$$EventMessageNode","id":"852d6148-cf08-4f28-a699-7840cb7905fe","ts":"2025-06-20T22:54:25.962-03:00","eventName":"n8n.node.started","message":"n8n.node.started","payload":{"workflowId":"5NWe88ikispSv0m6","workflowName":"tarefa-2-cron-envio","executionId":"12","nodeType":"n8n-nodes-base.discord","nodeName":"Discord"}}
{"__type":"$$EventMessageConfirm","confirm":"852d6148-cf08-4f28-a699-7840cb7905fe","ts":"2025-06-20T22:54:25.962-03:00","source":{"id":"0","name":"eventBus"}}
{"__type":"$$EventMessageNode","id":"9e25e22f-bfdf-4237-96d0-96b24f23189e","ts":"2025-06-20T22:54:26.398-03:00","eventName":"n8n.node.finished","message":"n8n.node.finished","payload":{"workflowId":"5NWe88ikispSv0m6","workflowName":"tarefa-2-cron-envio","executionId":"12","nodeType":"n8n-nodes-base.discord","nodeName":"Discord"}}
{"__type":"$$EventMessageConfirm","confirm":"9e25e22f-bfdf-4237-96d0-96b24f23189e","ts":"2025-06-20T22:54:26.399-03:00","source":{"id":"0","name":"eventBus"}}
{"__type":"$$EventMessageWorkflow","id":"bddad46c-f87e-47e2-b080-a699934f99a3","ts":"2025-06-20T22:54:26.405-03:00","eventName":"n8n.workflow.success","message":"n8n.workflow.success","payload":{"executionId":"12","userId":"b95d4e55-51df-440f-9c22-e05fac1830ae","success":true,"isManual":true,"workflowId":"5NWe88ikispSv0m6","workflowName":"tarefa-2-cron-envio"}}
{"__type":"$$EventMessageConfirm","confirm":"bddad46c-f87e-47e2-b080-a699934f99a3","ts":"2025-06-20T22:54:26.405-03:00","source":{"id":"0","name":"eventBus"}}
{"__type":"$$EventMessageWorkflow","id":"897d6e28-2462-4343-ad90-4ce03180170e","ts":"2025-06-20T22:54:53.152-03:00","eventName":"n8n.workflow.started","message":"n8n.workflow.started","payload":{"executionId":"13","workflowId":"5NWe88ikispSv0m6","isManual":false,"workflowName":"tarefa-2-cron-envio"}}
{"__type":"$$EventMessageConfirm","confirm":"897d6e28-2462-4343-ad90-4ce03180170e","ts":"2025-06-20T22:54:53.152-03:00","source":{"id":"0","name":"eventBus"}}
{"__type":"$$EventMessageNode","id":"1ff7ab78-4845-4d93-8cb4-d00317ec455c","ts":"2025-06-20T22:54:53.153-03:00","eventName":"n8n.node.started","message":"n8n.node.started","payload":{"workflowId":"5NWe88ikispSv0m6","workflowName":"tarefa-2-cron-envio","executionId":"13","nodeType":"n8n-nodes-base.scheduleTrigger","nodeName":"Schedule Trigger"}}
{"__type":"$$EventMessageConfirm","confirm":"1ff7ab78-4845-4d93-8cb4-d00317ec455c","ts":"2025-06-20T22:54:53.153-03:00","source":{"id":"0","name":"eventBus"}}
{"__type":"$$EventMessageNode","id":"5d6ba0b2-8022-4a4d-9c1a-5516a2e997b5","ts":"2025-06-20T22:54:53.153-03:00","eventName":"n8n.node.finished","message":"n8n.node.finished","payload":{"workflowId":"5NWe88ikispSv0m6","workflowName":"tarefa-2-cron-envio","executionId":"13","nodeType":"n8n-nodes-base.scheduleTrigger","nodeName":"Schedule Trigger"}}
{"__type":"$$EventMessageConfirm","confirm":"5d6ba0b2-8022-4a4d-9c1a-5516a2e997b5","ts":"2025-06-20T22:54:53.153-03:00","source":{"id":"0","name":"eventBus"}}
{"__type":"$$EventMessageNode","id":"5ffd6945-5694-49a7-8bad-dbccf144a793","ts":"2025-06-20T22:54:53.153-03:00","eventName":"n8n.node.started","message":"n8n.node.started","payload":{"workflowId":"5NWe88ikispSv0m6","workflowName":"tarefa-2-cron-envio","executionId":"13","nodeType":"n8n-nodes-base.discord","nodeName":"Discord"}}
{"__type":"$$EventMessageConfirm","confirm":"5ffd6945-5694-49a7-8bad-dbccf144a793","ts":"2025-06-20T22:54:53.153-03:00","source":{"id":"0","name":"eventBus"}}
{"__type":"$$EventMessageNode","id":"8f57d3aa-e885-459f-8f71-3c0d5b6a135d","ts":"2025-06-20T22:54:53.598-03:00","eventName":"n8n.node.finished","message":"n8n.node.finished","payload":{"workflowId":"5NWe88ikispSv0m6","workflowName":"tarefa-2-cron-envio","executionId":"13","nodeType":"n8n-nodes-base.discord","nodeName":"Discord"}}
{"__type":"$$EventMessageConfirm","confirm":"8f57d3aa-e885-459f-8f71-3c0d5b6a135d","ts":"2025-06-20T22:54:53.599-03:00","source":{"id":"0","name":"eventBus"}}
{"__type":"$$EventMessageWorkflow","id":"bdfa944c-5ed4-449d-9cc2-7a3039400c90","ts":"2025-06-20T22:54:53.599-03:00","eventName":"n8n.workflow.success","message":"n8n.workflow.success","payload":{"executionId":"13","success":true,"isManual":false,"workflowId":"5NWe88ikispSv0m6","workflowName":"tarefa-2-cron-envio"}}
{"__type":"$$EventMessageConfirm","confirm":"bdfa944c-5ed4-449d-9cc2-7a3039400c90","ts":"2025-06-20T22:54:53.599-03:00","source":{"id":"0","name":"eventBus"}}
{"__type":"$$EventMessageWorkflow","id":"a87ddb60-7465-4f7d-a3ad-552b043d8782","ts":"2025-06-20T22:55:53.140-03:00","eventName":"n8n.workflow.started","message":"n8n.workflow.started","payload":{"executionId":"14","workflowId":"5NWe88ikispSv0m6","isManual":false,"workflowName":"tarefa-2-cron-envio"}}
{"__type":"$$EventMessageConfirm","confirm":"a87ddb60-7465-4f7d-a3ad-552b043d8782","ts":"2025-06-20T22:55:53.140-03:00","source":{"id":"0","name":"eventBus"}}
{"__type":"$$EventMessageNode","id":"c7e5be19-7dec-484a-b928-b6ce9e3271cb","ts":"2025-06-20T22:55:53.140-03:00","eventName":"n8n.node.started","message":"n8n.node.started","payload":{"workflowId":"5NWe88ikispSv0m6","workflowName":"tarefa-2-cron-envio","executionId":"14","nodeType":"n8n-nodes-base.scheduleTrigger","nodeName":"Schedule Trigger"}}
{"__type":"$$EventMessageConfirm","confirm":"c7e5be19-7dec-484a-b928-b6ce9e3271cb","ts":"2025-06-20T22:55:53.140-03:00","source":{"id":"0","name":"eventBus"}}
{"__type":"$$EventMessageNode","id":"7fae3d2e-4d8a-4360-a575-0029b21a8ee7","ts":"2025-06-20T22:55:53.141-03:00","eventName":"n8n.node.finished","message":"n8n.node.finished","payload":{"workflowId":"5NWe88ikispSv0m6","workflowName":"tarefa-2-cron-envio","executionId":"14","nodeType":"n8n-nodes-base.scheduleTrigger","nodeName":"Schedule Trigger"}}
{"__type":"$$EventMessageConfirm","confirm":"7fae3d2e-4d8a-4360-a575-0029b21a8ee7","ts":"2025-06-20T22:55:53.141-03:00","source":{"id":"0","name":"eventBus"}}
{"__type":"$$EventMessageNode","id":"c2e77139-bec9-4f0e-82b3-fa7f8eaa9c8d","ts":"2025-06-20T22:55:53.141-03:00","eventName":"n8n.node.started","message":"n8n.node.started","payload":{"workflowId":"5NWe88ikispSv0m6","workflowName":"tarefa-2-cron-envio","executionId":"14","nodeType":"n8n-nodes-base.discord","nodeName":"Discord"}}
{"__type":"$$EventMessageConfirm","confirm":"c2e77139-bec9-4f0e-82b3-fa7f8eaa9c8d","ts":"2025-06-20T22:55:53.141-03:00","source":{"id":"0","name":"eventBus"}}
{"__type":"$$EventMessageNode","id":"b68180a7-a76d-40d4-8351-0a8688d597a1","ts":"2025-06-20T22:55:53.544-03:00","eventName":"n8n.node.finished","message":"n8n.node.finished","payload":{"workflowId":"5NWe88ikispSv0m6","workflowName":"tarefa-2-cron-envio","executionId":"14","nodeType":"n8n-nodes-base.discord","nodeName":"Discord"}}
{"__type":"$$EventMessageConfirm","confirm":"b68180a7-a76d-40d4-8351-0a8688d597a1","ts":"2025-06-20T22:55:53.544-03:00","source":{"id":"0","name":"eventBus"}}
{"__type":"$$EventMessageWorkflow","id":"24de0939-8aac-42e1-9e49-de7baaa9c216","ts":"2025-06-20T22:55:53.544-03:00","eventName":"n8n.workflow.success","message":"n8n.workflow.success","payload":{"executionId":"14","success":true,"isManual":false,"workflowId":"5NWe88ikispSv0m6","workflowName":"tarefa-2-cron-envio"}}
{"__type":"$$EventMessageConfirm","confirm":"24de0939-8aac-42e1-9e49-de7baaa9c216","ts":"2025-06-20T22:55:53.544-03:00","source":{"id":"0","name":"eventBus"}}
{"__type":"$$EventMessageAudit","id":"cd52807f-745f-4e5f-be10-c354881757cc","ts":"2025-06-20T22:56:11.608-03:00","eventName":"n8n.audit.workflow.updated","message":"n8n.audit.workflow.updated","payload":{"userId":"b95d4e55-51df-440f-9c22-e05fac1830ae","_email":"gentildf@gmail.com","_firstName":"denis","_lastName":"gentil","globalRole":"global:owner","workflowId":"5NWe88ikispSv0m6","workflowName":"tarefa-2-cron-envio"}}
{"__type":"$$EventMessageConfirm","confirm":"cd52807f-745f-4e5f-be10-c354881757cc","ts":"2025-06-20T22:56:11.608-03:00","source":{"id":"0","name":"eventBus"}}
